flag provided but not defined: -grafana-agent.file
Usage of /bin/agent:
  -config.expand-env
    	Expands ${var} in config according to the values of the environment variables.
  -config.file string
    	configuration file to load
  -log.format value
    	Output log messages in the given format. Valid formats: [logfmt, json] (default logfmt)
  -log.level value
    	Only log messages with the given severity or above. Valid levels: [debug, info, warn, error] (default info)
  -prometheus.instance-restart-backoff duration
    	how long to wait before restarting a failed Prometheus instance (default 5s)
  -prometheus.service-client.backoff-max-period duration
    	Maximum delay when backing off. (default 10s)
  -prometheus.service-client.backoff-min-period duration
    	Minimum delay when backing off. (default 100ms)
  -prometheus.service-client.backoff-on-ratelimits
    	Enable backoff and retry when we hit ratelimits.
  -prometheus.service-client.backoff-retries int
    	Number of times to backoff and retry before failing. (default 10)
  -prometheus.service-client.grpc-client-rate-limit float
    	Rate limit for gRPC client; 0 means disabled.
  -prometheus.service-client.grpc-client-rate-limit-burst int
    	Rate limit burst for gRPC client.
  -prometheus.service-client.grpc-compression string
    	Use compression when sending messages. Supported values are: 'gzip', 'snappy' and '' (disable compression)
  -prometheus.service-client.grpc-max-recv-msg-size int
    	gRPC client max receive message size (bytes). (default 104857600)
  -prometheus.service-client.grpc-max-send-msg-size int
    	gRPC client max send message size (bytes). (default 16777216)
  -prometheus.service-client.tls-ca-path string
    	Path to the CA certificates file to validate server certificate against. If not set, the host's root CA certificates are used.
  -prometheus.service-client.tls-cert-path string
    	Path to the client certificate file, which will be used for authenticating with the server. Also requires the key path to be configured.
  -prometheus.service-client.tls-enabled
    	Enable TLS in the GRPC client. This flag needs to be enabled when any other TLS flag is set. If set to false, insecure connection to gRPC server will be used.
  -prometheus.service-client.tls-insecure-skip-verify
    	Skip validating server certificate.
  -prometheus.service-client.tls-key-path string
    	Path to the key file for the client certificate. Also requires the client certificate to be configured.
  -prometheus.service-client.tls-server-name string
    	Override the expected name on the server certificate.
  -prometheus.service..backoff-max-period duration
    	Maximum delay when backing off. (default 10s)
  -prometheus.service..backoff-min-period duration
    	Minimum delay when backing off. (default 100ms)
  -prometheus.service..backoff-on-ratelimits
    	Enable backoff and retry when we hit ratelimits.
  -prometheus.service..backoff-retries int
    	Number of times to backoff and retry before failing. (default 10)
  -prometheus.service..grpc-client-rate-limit float
    	Rate limit for gRPC client; 0 means disabled.
  -prometheus.service..grpc-client-rate-limit-burst int
    	Rate limit burst for gRPC client.
  -prometheus.service..grpc-compression string
    	Use compression when sending messages. Supported values are: 'gzip', 'snappy' and '' (disable compression)
  -prometheus.service..grpc-max-recv-msg-size int
    	gRPC client max receive message size (bytes). (default 104857600)
  -prometheus.service..grpc-max-send-msg-size int
    	gRPC client max send message size (bytes). (default 16777216)
  -prometheus.service..tls-ca-path string
    	Path to the CA certificates file to validate server certificate against. If not set, the host's root CA certificates are used.
  -prometheus.service..tls-cert-path string
    	Path to the client certificate file, which will be used for authenticating with the server. Also requires the key path to be configured.
  -prometheus.service..tls-enabled
    	Enable TLS in the GRPC client. This flag needs to be enabled when any other TLS flag is set. If set to false, insecure connection to gRPC server will be used.
  -prometheus.service..tls-insecure-skip-verify
    	Skip validating server certificate.
  -prometheus.service..tls-key-path string
    	Path to the key file for the client certificate. Also requires the client certificate to be configured.
  -prometheus.service..tls-server-name string
    	Override the expected name on the server certificate.
  -prometheus.service.availability-zone string
    	The availability zone where this instance is running.
  -prometheus.service.config-store.consul.acl-token string
    	ACL Token used to interact with Consul.
  -prometheus.service.config-store.consul.client-timeout duration
    	HTTP timeout when talking to Consul (default 20s)
  -prometheus.service.config-store.consul.consistent-reads
    	Enable consistent reads to Consul.
  -prometheus.service.config-store.consul.hostname string
    	Hostname and port of Consul. (default "localhost:8500")
  -prometheus.service.config-store.consul.watch-burst-size int
    	Burst size used in rate limit. Values less than 1 are treated as 1. (default 1)
  -prometheus.service.config-store.consul.watch-rate-limit float
    	Rate limit when watching key or prefix in Consul, in requests per second. 0 disables the rate limit. (default 1)
  -prometheus.service.config-store.etcd.dial-timeout duration
    	The dial timeout for the etcd connection. (default 10s)
  -prometheus.service.config-store.etcd.endpoints value
    	The etcd endpoints to connect to.
  -prometheus.service.config-store.etcd.max-retries int
    	The maximum number of retries to do for failed ops. (default 10)
  -prometheus.service.config-store.etcd.tls-ca-path string
    	Path to the CA certificates file to validate server certificate against. If not set, the host's root CA certificates are used.
  -prometheus.service.config-store.etcd.tls-cert-path string
    	Path to the client certificate file, which will be used for authenticating with the server. Also requires the key path to be configured.
  -prometheus.service.config-store.etcd.tls-enabled
    	Enable TLS.
  -prometheus.service.config-store.etcd.tls-insecure-skip-verify
    	Skip validating server certificate.
  -prometheus.service.config-store.etcd.tls-key-path string
    	Path to the key file for the client certificate. Also requires the client certificate to be configured.
  -prometheus.service.config-store.etcd.tls-server-name string
    	Override the expected name on the server certificate.
  -prometheus.service.config-store.multi.mirror-enabled
    	Mirror writes to secondary store.
  -prometheus.service.config-store.multi.mirror-timeout duration
    	Timeout for storing value to secondary store. (default 2s)
  -prometheus.service.config-store.multi.primary string
    	Primary backend storage used by multi-client.
  -prometheus.service.config-store.multi.secondary string
    	Secondary backend storage used by multi-client.
  -prometheus.service.config-store.prefix string
    	The prefix for the keys in the store. Should end with a /. (default "configurations/")
  -prometheus.service.config-store.store string
    	Backend storage to use for the ring. Supported values are: consul, etcd, inmemory, memberlist, multi. (default "consul")
  -prometheus.service.consul.acl-token string
    	ACL Token used to interact with Consul.
  -prometheus.service.consul.client-timeout duration
    	HTTP timeout when talking to Consul (default 20s)
  -prometheus.service.consul.consistent-reads
    	Enable consistent reads to Consul.
  -prometheus.service.consul.hostname string
    	Hostname and port of Consul. (default "localhost:8500")
  -prometheus.service.consul.watch-burst-size int
    	Burst size used in rate limit. Values less than 1 are treated as 1. (default 1)
  -prometheus.service.consul.watch-rate-limit float
    	Rate limit when watching key or prefix in Consul, in requests per second. 0 disables the rate limit. (default 1)
  -prometheus.service.distributor.replication-factor int
    	The number of ingesters to write to and read from. (default 3)
  -prometheus.service.distributor.zone-awareness-enabled
    	True to enable the zone-awareness and replicate ingested samples across different availability zones.
  -prometheus.service.enabled
    	enables the scraping service mode
  -prometheus.service.etcd.dial-timeout duration
    	The dial timeout for the etcd connection. (default 10s)
  -prometheus.service.etcd.endpoints value
    	The etcd endpoints to connect to.
  -prometheus.service.etcd.max-retries int
    	The maximum number of retries to do for failed ops. (default 10)
  -prometheus.service.etcd.tls-ca-path string
    	Path to the CA certificates file to validate server certificate against. If not set, the host's root CA certificates are used.
  -prometheus.service.etcd.tls-cert-path string
    	Path to the client certificate file, which will be used for authenticating with the server. Also requires the key path to be configured.
  -prometheus.service.etcd.tls-enabled
    	Enable TLS.
  -prometheus.service.etcd.tls-insecure-skip-verify
    	Skip validating server certificate.
  -prometheus.service.etcd.tls-key-path string
    	Path to the key file for the client certificate. Also requires the client certificate to be configured.
  -prometheus.service.etcd.tls-server-name string
    	Override the expected name on the server certificate.
  -prometheus.service.final-sleep duration
    	Duration to sleep for before exiting, to ensure metrics are scraped. (default 30s)
  -prometheus.service.heartbeat-period duration
    	Period at which to heartbeat to consul. (default 5s)
  -prometheus.service.join-after duration
    	Period to wait for a claim from another member; will join automatically after this.
  -prometheus.service.lifecycler.ID string
    	ID to register in the ring. (default "grafana-agent-74c7b5d68c-dvj5k")
  -prometheus.service.lifecycler.addr string
    	IP address to advertise in the ring.
  -prometheus.service.lifecycler.interface value
    	Name of network interface to read address from. (default [eth0 en0])
  -prometheus.service.lifecycler.port int
    	port to advertise in consul (defaults to server.grpc-listen-port).
  -prometheus.service.min-ready-duration duration
    	Minimum duration to wait before becoming ready. This is to work around race conditions with ingesters exiting and updating the ring. (default 1m0s)
  -prometheus.service.multi.mirror-enabled
    	Mirror writes to secondary store.
  -prometheus.service.multi.mirror-timeout duration
    	Timeout for storing value to secondary store. (default 2s)
  -prometheus.service.multi.primary string
    	Primary backend storage used by multi-client.
  -prometheus.service.multi.secondary string
    	Secondary backend storage used by multi-client.
  -prometheus.service.num-tokens int
    	Number of tokens for each ingester. (default 128)
  -prometheus.service.observe-period duration
    	Observe tokens after generating to resolve collisions. Useful when using gossiping ring.
  -prometheus.service.prefix string
    	The prefix for the keys in the store. Should end with a /. (default "collectors/")
  -prometheus.service.reshard-interval duration
    	how often to manually reshard (default 1m0s)
  -prometheus.service.reshard-timeout duration
    	timeout for cluster-wide reshards and local reshards. Timeout of 0s disables timeout. (default 30s)
  -prometheus.service.ring.heartbeat-timeout duration
    	The heartbeat timeout after which ingesters are skipped for reads/writes. (default 1m0s)
  -prometheus.service.store string
    	Backend storage to use for the ring. Supported values are: consul, etcd, inmemory, memberlist, multi. (default "consul")
  -prometheus.service.tokens-file-path string
    	File path where tokens are stored. If empty, tokens are not stored at shutdown and restored at startup.
  -prometheus.service.unregister-on-shutdown
    	Unregister from the ring upon clean shutdown. It can be useful to disable for rolling restarts with consistent naming in conjunction with -distributor.extend-writes=false. (default true)
  -prometheus.wal-cleanup-age duration
    	remove abandoned (unused) WALs older than this (default 12h0m0s)
  -prometheus.wal-cleanup-period duration
    	how often to check for abandoned WALs (default 30m0s)
  -prometheus.wal-directory string
    	base directory to store the WAL in
  -reload-addr string
    	address to expose a secondary server for /-/reload on. (default "127.0.0.1")
  -reload-port int
    	port to expose a secondary server for /-/reload on. 0 disables secondary server.
  -server.graceful-shutdown-timeout duration
    	Timeout for graceful shutdowns (default 30s)
  -server.grpc-conn-limit int
    	Maximum number of simultaneous grpc connections, <=0 to disable
  -server.grpc-listen-address string
    	gRPC server listen address.
  -server.grpc-listen-port int
    	gRPC server listen port. (default 9095)
  -server.grpc-max-concurrent-streams uint
    	Limit on the number of concurrent streams for gRPC calls (0 = unlimited) (default 100)
  -server.grpc-max-recv-msg-size-bytes int
    	Limit on the size of a gRPC message this server can receive (bytes). (default 4194304)
  -server.grpc-max-send-msg-size-bytes int
    	Limit on the size of a gRPC message this server can send (bytes). (default 4194304)
  -server.grpc-tls-ca-path string
    	GRPC TLS Client CA path.
  -server.grpc-tls-cert-path string
    	GRPC TLS server cert path.
  -server.grpc-tls-client-auth string
    	GRPC TLS Client Auth type.
  -server.grpc-tls-key-path string
    	GRPC TLS server key path.
  -server.grpc.keepalive.max-connection-age duration
    	The duration for the maximum amount of time a connection may exist before it will be closed. Default: infinity (default 2562047h47m16.854775807s)
  -server.grpc.keepalive.max-connection-age-grace duration
    	An additive period after max-connection-age after which the connection will be forcibly closed. Default: infinity (default 2562047h47m16.854775807s)
  -server.grpc.keepalive.max-connection-idle duration
    	The duration after which an idle connection should be closed. Default: infinity (default 2562047h47m16.854775807s)
  -server.grpc.keepalive.min-time-between-pings duration
    	Minimum amount of time a client should wait before sending a keepalive ping. If client sends keepalive ping more often, server will send GOAWAY and close the connection. (default 5m0s)
  -server.grpc.keepalive.ping-without-stream-allowed
    	If true, server allows keepalive pings even when there are no active streams(RPCs). If false, and client sends ping when there are no active streams, server will send GOAWAY and close the connection.
  -server.grpc.keepalive.time duration
    	Duration after which a keepalive probe is sent in case of no activity over the connection., Default: 2h (default 2h0m0s)
  -server.grpc.keepalive.timeout duration
    	After having pinged for keepalive check, the duration after which an idle connection should be closed, Default: 20s (default 20s)
  -server.http-conn-limit int
    	Maximum number of simultaneous http connections, <=0 to disable
  -server.http-idle-timeout duration
    	Idle timeout for HTTP server (default 2m0s)
  -server.http-listen-address string
    	HTTP server listen address.
  -server.http-listen-port int
    	HTTP server listen port. (default 80)
  -server.http-read-timeout duration
    	Read timeout for HTTP server (default 30s)
  -server.http-tls-ca-path string
    	HTTP TLS Client CA path.
  -server.http-tls-cert-path string
    	HTTP server cert path.
  -server.http-tls-client-auth string
    	HTTP TLS Client Auth type.
  -server.http-tls-key-path string
    	HTTP server key path.
  -server.http-write-timeout duration
    	Write timeout for HTTP server (default 30s)
  -server.log-source-ips-enabled
    	Optionally log the source IPs.
  -server.log-source-ips-header string
    	Header field storing the source IPs. Only used if server.log-source-ips-enabled is true. If not set the default Forwarded, X-Real-IP and X-Forwarded-For headers are used
  -server.log-source-ips-regex string
    	Regex for matching the source IPs. Only used if server.log-source-ips-enabled is true. If not set the default Forwarded, X-Real-IP and X-Forwarded-For headers are used
  -server.path-prefix string
    	Base path to serve all API routes from (e.g. /v1/)
  -server.register-instrumentation
    	Register the intrumentation handlers (/metrics etc). (default true)
  -version
    	Print this build's version information
